<?xml version="1.0" encoding="UTF-8"?>
<!-- Generated by org.testng.reporters.JUnitReportReporter -->
<testsuite hostname="DESKTOP-HF747R1" failures="0" tests="5" name="testCases.TC003_LoginDDT" time="69.774" errors="0" timestamp="2025-10-23T23:18:50 CDT" skipped="0">
  <testcase classname="testCases.TC003_LoginDDT" name="verify_loginDDT" time="21.597"/>
  <testcase classname="testCases.TC003_LoginDDT" name="verify_loginDDT" time="3.268"/>
  <testcase classname="testCases.TC003_LoginDDT" name="verify_loginDDT" time="2.536"/>
  <testcase classname="testCases.TC003_LoginDDT" name="verify_loginDDT" time="20.828"/>
  <testcase classname="testCases.TC003_LoginDDT" name="verify_loginDDT" time="21.545"/>
</testsuite> <!-- testCases.TC003_LoginDDT -->
