<?xml version="1.0" encoding="UTF-8"?>
<!-- Generated by org.testng.reporters.JUnitReportReporter -->
<testsuite hostname="DESKTOP-HF747R1" failures="0" tests="2" name="testCases.TC001_AccountRegistrationTest" time="27.033" errors="0" timestamp="2025-10-26T22:08:10 CDT" skipped="0">
  <testcase classname="testCases.TC001_AccountRegistrationTest" name="verify_account_registration" time="12.625"/>
  <testcase classname="testCases.TC001_AccountRegistrationTest" name="verify_account_registration" time="14.408"/>
</testsuite> <!-- testCases.TC001_AccountRegistrationTest -->
